2025-05-08 18:40:34,259 [1] INFO Microsoft.Hosting.Lifetime - Now listening on: https://localhost:7014
2025-05-08 18:40:35,076 [1] INFO Microsoft.Hosting.Lifetime - Now listening on: http://localhost:5014
2025-05-08 18:40:36,110 [1] INFO Microsoft.Hosting.Lifetime - Application started. Press Ctrl+C to shut down.
2025-05-08 18:40:36,155 [1] INFO Microsoft.Hosting.Lifetime - Hosting environment: Development
2025-05-08 18:40:36,219 [1] INFO Microsoft.Hosting.Lifetime - Content root path: C:\Users\LENOVO\Documents\INGINIERIA\DC\Api-DC\JLR.GP.Orders\
2025-05-08 18:40:49,221 [.NET ThreadPool Worker] WARN Microsoft.EntityFrameworkCore.Model.Validation - No store type was specified for the decimal property 'Monto' on entity type 'Tbl_OrdenProduccion'. This will cause values to be silently truncated if they do not fit in the default precision and scale. Explicitly specify the SQL server column type that can accommodate all the values in 'OnModelCreating' using 'HasColumnType', specify precision and scale using 'HasPrecision', or configure a value converter using 'HasConversion'.
2025-05-08 18:40:49,229 [.NET ThreadPool Worker] WARN Microsoft.EntityFrameworkCore.Model.Validation - No store type was specified for the decimal property 'SubTotal' on entity type 'Tbl_OrdenProduccion'. This will cause values to be silently truncated if they do not fit in the default precision and scale. Explicitly specify the SQL server column type that can accommodate all the values in 'OnModelCreating' using 'HasColumnType', specify precision and scale using 'HasPrecision', or configure a value converter using 'HasConversion'.
2025-05-08 18:40:49,233 [.NET ThreadPool Worker] WARN Microsoft.EntityFrameworkCore.Model.Validation - No store type was specified for the decimal property 'Total' on entity type 'Tbl_OrdenProduccion'. This will cause values to be silently truncated if they do not fit in the default precision and scale. Explicitly specify the SQL server column type that can accommodate all the values in 'OnModelCreating' using 'HasColumnType', specify precision and scale using 'HasPrecision', or configure a value converter using 'HasConversion'.
2025-05-08 18:40:49,236 [.NET ThreadPool Worker] WARN Microsoft.EntityFrameworkCore.Model.Validation - No store type was specified for the decimal property 'TotalIgv' on entity type 'Tbl_OrdenProduccion'. This will cause values to be silently truncated if they do not fit in the default precision and scale. Explicitly specify the SQL server column type that can accommodate all the values in 'OnModelCreating' using 'HasColumnType', specify precision and scale using 'HasPrecision', or configure a value converter using 'HasConversion'.
2025-05-08 18:40:49,952 [.NET ThreadPool Worker] INFO Microsoft.EntityFrameworkCore.Infrastructure - Entity Framework Core 6.0.3 initialized 'DBContext' using provider 'Microsoft.EntityFrameworkCore.SqlServer:6.0.3' with options: None
2025-05-08 18:40:53,153 [.NET ThreadPool Worker] INFO Microsoft.EntityFrameworkCore.Database.Command - Executed DbCommand (532ms) [Parameters=[@__ToLower_0='?' (Size = 4000), @__contra_1='?' (Size = 4000)], CommandType='Text', CommandTimeout='30']
SELECT [t].[Id], [t].[IdTipoUsuario], [t].[Nombre], [t].[Apellido], [t].[Dni], [t].[Correo], [t].[Usuario], [t0].[Nombre] AS [Perfil], [t0].[Id] AS [idS]
FROM [Tbl_Usuario] AS [t]
INNER JOIN [Tbl_Rol] AS [t0] ON [t].[IdRol] = [t0].[Id]
WHERE (LOWER(LTRIM(RTRIM([t].[Usuario]))) = @__ToLower_0) AND (LOWER(LTRIM(RTRIM([t].[Clave]))) = @__contra_1)
2025-05-08 18:40:54,993 [.NET ThreadPool Worker] INFO Microsoft.EntityFrameworkCore.Infrastructure - Entity Framework Core 6.0.3 initialized 'DBContext' using provider 'Microsoft.EntityFrameworkCore.SqlServer:6.0.3' with options: None
2025-05-08 18:40:55,220 [.NET ThreadPool Worker] INFO Microsoft.EntityFrameworkCore.Database.Command - Executed DbCommand (130ms) [Parameters=[@__idUsuario_0='?' (DbType = Int32)], CommandType='Text', CommandTimeout='30']
SELECT [t0].[Id], [t0].[Nombre], [t0].[Descripcion], [t0].[Ruta], [t0].[Icono], [t0].[Estado]
FROM [Tbl_ModuloRol] AS [t]
INNER JOIN [Tbl_Modulos] AS [t0] ON [t].[IdModulo] = [t0].[Id]
WHERE EXISTS (
    SELECT 1
    FROM [Tbl_Usuario] AS [t1]
    WHERE ([t1].[Id] = @__idUsuario_0) AND (([t1].[IdRol] = [t].[IdRol]) OR (([t1].[IdRol] IS NULL) AND ([t].[IdRol] IS NULL))))
ORDER BY [t0].[Orden]
2025-05-08 18:41:06,225 [.NET ThreadPool Worker] INFO Microsoft.EntityFrameworkCore.Infrastructure - Entity Framework Core 6.0.3 initialized 'DBContext' using provider 'Microsoft.EntityFrameworkCore.SqlServer:6.0.3' with options: None
2025-05-08 18:41:06,575 [.NET ThreadPool Worker] INFO Microsoft.EntityFrameworkCore.Database.Command - Executed DbCommand (16ms) [Parameters=[@__p_0='?' (DbType = Int32)], CommandType='Text', CommandTimeout='30']
SELECT TOP(1) [t].[Id], [t].[CodigoSalidaSap], [t].[CodigoSisgeco], [t].[CotizacionGrupo], [t].[FechaCreacion], [t].[FechaModifica], [t].[FechaProduccion], [t].[IdEstado], [t].[IdTbl_OrdenProduccion], [t].[IdUsuarioCrea], [t].[IdUsuarioModifica], [t].[NumeroCotizacion], [t].[Tipo], [t].[Turno]
FROM [Tbl_DetalleOpGrupo] AS [t]
WHERE [t].[Id] = @__p_0
2025-05-08 18:41:06,895 [.NET ThreadPool Worker] INFO Microsoft.EntityFrameworkCore.Database.Command - Executed DbCommand (38ms) [Parameters=[@p13='?' (DbType = Int32), @p0='?' (Size = 4000), @p1='?' (Size = 4000), @p2='?' (Size = 4000), @p3='?' (DbType = DateTime2), @p4='?' (DbType = DateTime2), @p5='?' (DbType = DateTime2), @p6='?' (DbType = Int32), @p7='?' (DbType = Int32), @p8='?' (DbType = Int32), @p9='?' (DbType = Int32), @p10='?' (Size = 4000), @p11='?' (Size = 4000), @p12='?' (Size = 4000)], CommandType='Text', CommandTimeout='30']
SET NOCOUNT ON;
UPDATE [Tbl_DetalleOpGrupo] SET [CodigoSalidaSap] = @p0, [CodigoSisgeco] = @p1, [CotizacionGrupo] = @p2, [FechaCreacion] = @p3, [FechaModifica] = @p4, [FechaProduccion] = @p5, [IdEstado] = @p6, [IdTbl_OrdenProduccion] = @p7, [IdUsuarioCrea] = @p8, [IdUsuarioModifica] = @p9, [NumeroCotizacion] = @p10, [Tipo] = @p11, [Turno] = @p12
WHERE [Id] = @p13;
SELECT @@ROWCOUNT;
2025-05-08 18:41:06,935 [.NET ThreadPool Worker] INFO Microsoft.EntityFrameworkCore.Database.Command - Executed DbCommand (18ms) [Parameters=[@p0='?' (Size = 4000), @p1='?' (Size = 4000), @p2='?' (DbType = DateTime2), @p3='?' (DbType = DateTime2), @p4='?' (DbType = DateTime2), @p5='?' (DbType = Int32), @p6='?' (DbType = Int32), @p7='?' (Size = 4000), @p8='?' (Size = 4000), @p9='?' (Size = 4000), @p10='?' (Size = 4000)], CommandType='Text', CommandTimeout='30']
SET NOCOUNT ON;
INSERT INTO [Tbl_SupervisorAprobacion] ([CotizacionGrupo], [Estado], [FechProdInicial], [FechaCreacion], [FechaProdCambio], [IdUsuario], [IdUsuarioSolicita], [Motivo], [NumeroCotizacion], [TurnoCambio], [TurnoInicial])
VALUES (@p0, @p1, @p2, @p3, @p4, @p5, @p6, @p7, @p8, @p9, @p10);
SELECT [Id]
FROM [Tbl_SupervisorAprobacion]
WHERE @@ROWCOUNT = 1 AND [Id] = scope_identity();
2025-05-08 18:41:43,830 [.NET ThreadPool Worker] INFO Microsoft.EntityFrameworkCore.Infrastructure - Entity Framework Core 6.0.3 initialized 'DBContext' using provider 'Microsoft.EntityFrameworkCore.SqlServer:6.0.3' with options: None
2025-05-08 18:41:43,858 [.NET ThreadPool Worker] INFO Microsoft.EntityFrameworkCore.Database.Command - Executed DbCommand (14ms) [Parameters=[@__ToUpper_0='?' (Size = 4000)], CommandType='Text', CommandTimeout='30']
SELECT [t].[Id], [t].[CodigoSalidaSap], [t].[CodigoSisgeco], [t].[CotizacionGrupo], [t].[FechaCreacion], [t].[FechaModifica], [t].[FechaProduccion], [t].[IdEstado], [t].[IdTbl_OrdenProduccion], [t].[IdUsuarioCrea], [t].[IdUsuarioModifica], [t].[NumeroCotizacion], [t].[Tipo], [t].[Turno]
FROM [Tbl_DetalleOpGrupo] AS [t]
WHERE UPPER(LTRIM(RTRIM([t].[CotizacionGrupo]))) = @__ToUpper_0
2025-05-08 18:41:43,890 [.NET ThreadPool Worker] INFO Microsoft.EntityFrameworkCore.Database.Command - Executed DbCommand (12ms) [Parameters=[@__grupo_0='?' (Size = 4000)], CommandType='Text', CommandTimeout='30']
SELECT [t].[Id], [t].[CotizacionGrupo], [t].[Estado], [t].[FechaCreacion], [t].[FechaFin], [t].[FechaInicio], [t].[FechaModificacion], [t].[IdDetalleOp], [t].[IdEstacion], [t].[IdUsuario], [t].[IdUsuarioCreacion], [t].[IdUsuarioModificacion], [t].[NumeroCotizacion], [t].[TipoProceso]
FROM [Tbl_ProduccionEstacion] AS [t]
WHERE [t].[CotizacionGrupo] = @__grupo_0
2025-05-08 18:41:50,204 [.NET ThreadPool Worker] INFO Microsoft.EntityFrameworkCore.Infrastructure - Entity Framework Core 6.0.3 initialized 'DBContext' using provider 'Microsoft.EntityFrameworkCore.SqlServer:6.0.3' with options: None
2025-05-08 18:41:50,288 [.NET ThreadPool Worker] INFO Microsoft.EntityFrameworkCore.Database.Command - Executed DbCommand (53ms) [Parameters=[@__ToUpper_0='?' (Size = 4000)], CommandType='Text', CommandTimeout='30']
SELECT [t].[Id], [t].[CodigoEstacion], [t].[Estado], [t].[FechaCreacion], [t].[FechaModificacion], [t].[IdUsuarioCreacion], [t].[IdUsuarioModifica], [t].[Nombre]
FROM [Tbl_Estacion] AS [t]
WHERE UPPER(LTRIM(RTRIM([t].[CodigoEstacion]))) = @__ToUpper_0
2025-05-08 18:41:50,353 [.NET ThreadPool Worker] INFO Microsoft.EntityFrameworkCore.Database.Command - Executed DbCommand (1ms) [Parameters=[@__grupo_0='?' (Size = 4000)], CommandType='Text', CommandTimeout='30']
SELECT [t].[Id], [t].[CotizacionGrupo], [t].[Estado], [t].[FechaCreacion], [t].[FechaFin], [t].[FechaInicio], [t].[FechaModificacion], [t].[IdDetalleOp], [t].[IdEstacion], [t].[IdUsuario], [t].[IdUsuarioCreacion], [t].[IdUsuarioModificacion], [t].[NumeroCotizacion], [t].[TipoProceso]
FROM [Tbl_ProduccionEstacion] AS [t]
WHERE [t].[CotizacionGrupo] = @__grupo_0
2025-05-08 18:41:50,366 [.NET ThreadPool Worker] INFO Microsoft.EntityFrameworkCore.Database.Command - Executed DbCommand (4ms) [Parameters=[@__ToUpper_0='?' (Size = 4000)], CommandType='Text', CommandTimeout='30']
SELECT [t].[Id], [t].[CodigoSalidaSap], [t].[CodigoSisgeco], [t].[CotizacionGrupo], [t].[FechaCreacion], [t].[FechaModifica], [t].[FechaProduccion], [t].[IdEstado], [t].[IdTbl_OrdenProduccion], [t].[IdUsuarioCrea], [t].[IdUsuarioModifica], [t].[NumeroCotizacion], [t].[Tipo], [t].[Turno]
FROM [Tbl_DetalleOpGrupo] AS [t]
WHERE UPPER(LTRIM(RTRIM([t].[CotizacionGrupo]))) = @__ToUpper_0
2025-05-08 18:41:50,563 [.NET ThreadPool Worker] INFO Microsoft.EntityFrameworkCore.Database.Command - Executed DbCommand (33ms) [Parameters=[@__grupo_0='?' (Size = 4000)], CommandType='Text', CommandTimeout='30']
SELECT TOP(1) [t].[Id], [t].[CodigoSalidaSap], [t].[CodigoSisgeco], [t].[CotizacionGrupo], [t].[FechaCreacion], [t].[FechaModifica], [t].[FechaProduccion], [t].[IdEstado], [t].[IdTbl_OrdenProduccion], [t].[IdUsuarioCrea], [t].[IdUsuarioModifica], [t].[NumeroCotizacion], [t].[Tipo], [t].[Turno]
FROM [Tbl_DetalleOpGrupo] AS [t]
WHERE [t].[CotizacionGrupo] = @__grupo_0
2025-05-08 18:41:50,818 [.NET ThreadPool Worker] INFO Microsoft.EntityFrameworkCore.Database.Command - Executed DbCommand (11ms) [Parameters=[@p13='?' (DbType = Int32), @p0='?' (Size = 4000), @p1='?' (Size = 4000), @p2='?' (Size = 4000), @p3='?' (DbType = DateTime2), @p4='?' (DbType = DateTime2), @p5='?' (DbType = DateTime2), @p6='?' (DbType = Int32), @p7='?' (DbType = Int32), @p8='?' (DbType = Int32), @p9='?' (DbType = Int32), @p10='?' (Size = 4000), @p11='?' (Size = 4000), @p12='?' (Size = 4000)], CommandType='Text', CommandTimeout='30']
SET NOCOUNT ON;
UPDATE [Tbl_DetalleOpGrupo] SET [CodigoSalidaSap] = @p0, [CodigoSisgeco] = @p1, [CotizacionGrupo] = @p2, [FechaCreacion] = @p3, [FechaModifica] = @p4, [FechaProduccion] = @p5, [IdEstado] = @p6, [IdTbl_OrdenProduccion] = @p7, [IdUsuarioCrea] = @p8, [IdUsuarioModifica] = @p9, [NumeroCotizacion] = @p10, [Tipo] = @p11, [Turno] = @p12
WHERE [Id] = @p13;
SELECT @@ROWCOUNT;
2025-05-08 18:41:50,881 [.NET ThreadPool Worker] INFO Microsoft.EntityFrameworkCore.Database.Command - Executed DbCommand (8ms) [Parameters=[@p0='?' (Size = 4000), @p1='?' (DbType = Int32), @p2='?' (DbType = DateTime2), @p3='?' (DbType = DateTime2), @p4='?' (DbType = DateTime2), @p5='?' (DbType = DateTime2), @p6='?' (DbType = Int32), @p7='?' (DbType = Int32), @p8='?' (DbType = Int32), @p9='?' (DbType = Int32), @p10='?' (DbType = Int32), @p11='?' (Size = 4000), @p12='?' (Size = 4000)], CommandType='Text', CommandTimeout='30']
SET NOCOUNT ON;
INSERT INTO [Tbl_ProduccionEstacion] ([CotizacionGrupo], [Estado], [FechaCreacion], [FechaFin], [FechaInicio], [FechaModificacion], [IdDetalleOp], [IdEstacion], [IdUsuario], [IdUsuarioCreacion], [IdUsuarioModificacion], [NumeroCotizacion], [TipoProceso])
VALUES (@p0, @p1, @p2, @p3, @p4, @p5, @p6, @p7, @p8, @p9, @p10, @p11, @p12);
SELECT [Id]
FROM [Tbl_ProduccionEstacion]
WHERE @@ROWCOUNT = 1 AND [Id] = scope_identity();
2025-05-08 18:41:55,579 [.NET ThreadPool Worker] INFO Microsoft.EntityFrameworkCore.Infrastructure - Entity Framework Core 6.0.3 initialized 'DBContext' using provider 'Microsoft.EntityFrameworkCore.SqlServer:6.0.3' with options: None
2025-05-08 18:41:55,601 [.NET ThreadPool Worker] INFO Microsoft.EntityFrameworkCore.Database.Command - Executed DbCommand (13ms) [Parameters=[@__ToUpper_0='?' (Size = 4000)], CommandType='Text', CommandTimeout='30']
SELECT [t].[Id], [t].[CodigoEstacion], [t].[Estado], [t].[FechaCreacion], [t].[FechaModificacion], [t].[IdUsuarioCreacion], [t].[IdUsuarioModifica], [t].[Nombre]
FROM [Tbl_Estacion] AS [t]
WHERE UPPER(LTRIM(RTRIM([t].[CodigoEstacion]))) = @__ToUpper_0
2025-05-08 18:41:55,643 [.NET ThreadPool Worker] INFO Microsoft.EntityFrameworkCore.Database.Command - Executed DbCommand (6ms) [Parameters=[@__grupo_0='?' (Size = 4000)], CommandType='Text', CommandTimeout='30']
SELECT [t].[Id], [t].[CotizacionGrupo], [t].[Estado], [t].[FechaCreacion], [t].[FechaFin], [t].[FechaInicio], [t].[FechaModificacion], [t].[IdDetalleOp], [t].[IdEstacion], [t].[IdUsuario], [t].[IdUsuarioCreacion], [t].[IdUsuarioModificacion], [t].[NumeroCotizacion], [t].[TipoProceso]
FROM [Tbl_ProduccionEstacion] AS [t]
WHERE ([t].[IdEstacion] = 1) AND ([t].[CotizacionGrupo] = @__grupo_0)
2025-05-08 18:41:55,659 [.NET ThreadPool Worker] INFO Microsoft.EntityFrameworkCore.Database.Command - Executed DbCommand (7ms) [Parameters=[@__grupo_0='?' (Size = 4000)], CommandType='Text', CommandTimeout='30']
SELECT [t].[Id], [t].[CotizacionGrupo], [t].[Estado], [t].[FechaCreacion], [t].[FechaFin], [t].[FechaInicio], [t].[FechaModificacion], [t].[IdDetalleOp], [t].[IdEstacion], [t].[IdUsuario], [t].[IdUsuarioCreacion], [t].[IdUsuarioModificacion], [t].[NumeroCotizacion], [t].[TipoProceso]
FROM [Tbl_ProduccionEstacion] AS [t]
WHERE ([t].[IdEstacion] = 2) AND ([t].[CotizacionGrupo] = @__grupo_0)
2025-05-08 18:41:55,668 [.NET ThreadPool Worker] INFO Microsoft.EntityFrameworkCore.Database.Command - Executed DbCommand (4ms) [Parameters=[@__ToUpper_0='?' (Size = 4000)], CommandType='Text', CommandTimeout='30']
SELECT [t].[Id], [t].[CodigoSalidaSap], [t].[CodigoSisgeco], [t].[CotizacionGrupo], [t].[FechaCreacion], [t].[FechaModifica], [t].[FechaProduccion], [t].[IdEstado], [t].[IdTbl_OrdenProduccion], [t].[IdUsuarioCrea], [t].[IdUsuarioModifica], [t].[NumeroCotizacion], [t].[Tipo], [t].[Turno]
FROM [Tbl_DetalleOpGrupo] AS [t]
WHERE UPPER(LTRIM(RTRIM([t].[CotizacionGrupo]))) = @__ToUpper_0
2025-05-08 18:41:55,683 [.NET ThreadPool Worker] INFO Microsoft.EntityFrameworkCore.Database.Command - Executed DbCommand (7ms) [Parameters=[@__grupo_0='?' (Size = 4000)], CommandType='Text', CommandTimeout='30']
SELECT TOP(1) [t].[Id], [t].[CodigoSalidaSap], [t].[CodigoSisgeco], [t].[CotizacionGrupo], [t].[FechaCreacion], [t].[FechaModifica], [t].[FechaProduccion], [t].[IdEstado], [t].[IdTbl_OrdenProduccion], [t].[IdUsuarioCrea], [t].[IdUsuarioModifica], [t].[NumeroCotizacion], [t].[Tipo], [t].[Turno]
FROM [Tbl_DetalleOpGrupo] AS [t]
WHERE [t].[CotizacionGrupo] = @__grupo_0
2025-05-08 18:41:55,695 [.NET ThreadPool Worker] INFO Microsoft.EntityFrameworkCore.Database.Command - Executed DbCommand (7ms) [Parameters=[@p13='?' (DbType = Int32), @p0='?' (Size = 4000), @p1='?' (Size = 4000), @p2='?' (Size = 4000), @p3='?' (DbType = DateTime2), @p4='?' (DbType = DateTime2), @p5='?' (DbType = DateTime2), @p6='?' (DbType = Int32), @p7='?' (DbType = Int32), @p8='?' (DbType = Int32), @p9='?' (DbType = Int32), @p10='?' (Size = 4000), @p11='?' (Size = 4000), @p12='?' (Size = 4000)], CommandType='Text', CommandTimeout='30']
SET NOCOUNT ON;
UPDATE [Tbl_DetalleOpGrupo] SET [CodigoSalidaSap] = @p0, [CodigoSisgeco] = @p1, [CotizacionGrupo] = @p2, [FechaCreacion] = @p3, [FechaModifica] = @p4, [FechaProduccion] = @p5, [IdEstado] = @p6, [IdTbl_OrdenProduccion] = @p7, [IdUsuarioCrea] = @p8, [IdUsuarioModifica] = @p9, [NumeroCotizacion] = @p10, [Tipo] = @p11, [Turno] = @p12
WHERE [Id] = @p13;
SELECT @@ROWCOUNT;
2025-05-08 18:41:55,701 [.NET ThreadPool Worker] INFO Microsoft.EntityFrameworkCore.Database.Command - Executed DbCommand (3ms) [Parameters=[@p0='?' (Size = 4000), @p1='?' (DbType = Int32), @p2='?' (DbType = DateTime2), @p3='?' (DbType = DateTime2), @p4='?' (DbType = DateTime2), @p5='?' (DbType = DateTime2), @p6='?' (DbType = Int32), @p7='?' (DbType = Int32), @p8='?' (DbType = Int32), @p9='?' (DbType = Int32), @p10='?' (DbType = Int32), @p11='?' (Size = 4000), @p12='?' (Size = 4000)], CommandType='Text', CommandTimeout='30']
SET NOCOUNT ON;
INSERT INTO [Tbl_ProduccionEstacion] ([CotizacionGrupo], [Estado], [FechaCreacion], [FechaFin], [FechaInicio], [FechaModificacion], [IdDetalleOp], [IdEstacion], [IdUsuario], [IdUsuarioCreacion], [IdUsuarioModificacion], [NumeroCotizacion], [TipoProceso])
VALUES (@p0, @p1, @p2, @p3, @p4, @p5, @p6, @p7, @p8, @p9, @p10, @p11, @p12);
SELECT [Id]
FROM [Tbl_ProduccionEstacion]
WHERE @@ROWCOUNT = 1 AND [Id] = scope_identity();
2025-05-08 18:42:25,150 [.NET ThreadPool Worker] INFO Microsoft.EntityFrameworkCore.Infrastructure - Entity Framework Core 6.0.3 initialized 'DBContext' using provider 'Microsoft.EntityFrameworkCore.SqlServer:6.0.3' with options: None
2025-05-08 18:42:25,530 [.NET ThreadPool Worker] INFO Microsoft.EntityFrameworkCore.Database.Command - Executed DbCommand (79ms) [Parameters=[], CommandType='Text', CommandTimeout='30']
SELECT [t].[Id], [t].[CodigoGrupo], [t].[Identificador], [t].[NombreGrupo], [t].[Observacion]
FROM [Tbl_MaestroArticulos] AS [t]
2025-05-08 18:42:26,175 [.NET ThreadPool Worker] INFO Microsoft.EntityFrameworkCore.Infrastructure - Entity Framework Core 6.0.3 initialized 'DBContext' using provider 'Microsoft.EntityFrameworkCore.SqlServer:6.0.3' with options: None
2025-05-08 18:42:26,330 [.NET ThreadPool Worker] INFO Microsoft.EntityFrameworkCore.Database.Command - Executed DbCommand (80ms) [Parameters=[@__Substring_0='?' (Size = 4000)], CommandType='Text', CommandTimeout='30']
SELECT [t].[Id], [t].[Codigo], [t].[CodigoProducto], [t].[Descripcion], [t].[Estado], [t].[FechaCreacion], [t].[FechaModificacion], [t].[IdUsuarioCreacion], [t].[IdUsuarioModifica], [t].[NombreProducto], [t].[SubGrupo], [t].[Unidad]
FROM [Tbl_AccesorioProducto] AS [t]
WHERE (@__Substring_0 = N'') OR (([t].[CodigoProducto] IS NOT NULL) AND (LEFT([t].[CodigoProducto], LEN(@__Substring_0)) = @__Substring_0))
2025-05-08 18:46:06,658 [.NET ThreadPool Worker] INFO Microsoft.EntityFrameworkCore.Infrastructure - Entity Framework Core 6.0.3 initialized 'DBContext' using provider 'Microsoft.EntityFrameworkCore.SqlServer:6.0.3' with options: None
2025-05-08 18:46:06,904 [.NET ThreadPool Worker] INFO Microsoft.EntityFrameworkCore.Database.Command - Executed DbCommand (178ms) [Parameters=[@__idUsuario_0='?' (DbType = Int32)], CommandType='Text', CommandTimeout='30']
SELECT [t0].[Id], [t0].[Nombre], [t0].[Descripcion], [t0].[Ruta], [t0].[Icono], [t0].[Estado]
FROM [Tbl_ModuloRol] AS [t]
INNER JOIN [Tbl_Modulos] AS [t0] ON [t].[IdModulo] = [t0].[Id]
WHERE EXISTS (
    SELECT 1
    FROM [Tbl_Usuario] AS [t1]
    WHERE ([t1].[Id] = @__idUsuario_0) AND (([t1].[IdRol] = [t].[IdRol]) OR (([t1].[IdRol] IS NULL) AND ([t].[IdRol] IS NULL))))
ORDER BY [t0].[Orden]
2025-05-08 18:47:48,384 [.NET ThreadPool Worker] INFO Microsoft.EntityFrameworkCore.Infrastructure - Entity Framework Core 6.0.3 initialized 'DBContext' using provider 'Microsoft.EntityFrameworkCore.SqlServer:6.0.3' with options: None
2025-05-08 18:47:48,402 [.NET ThreadPool Worker] INFO Microsoft.EntityFrameworkCore.Database.Command - Executed DbCommand (12ms) [Parameters=[], CommandType='Text', CommandTimeout='30']
SELECT [t].[Id], [t].[CodigoGrupo], [t].[Identificador], [t].[NombreGrupo], [t].[Observacion]
FROM [Tbl_MaestroArticulos] AS [t]
2025-05-08 18:47:48,731 [.NET ThreadPool Worker] INFO Microsoft.EntityFrameworkCore.Infrastructure - Entity Framework Core 6.0.3 initialized 'DBContext' using provider 'Microsoft.EntityFrameworkCore.SqlServer:6.0.3' with options: None
2025-05-08 18:47:48,833 [.NET ThreadPool Worker] INFO Microsoft.EntityFrameworkCore.Database.Command - Executed DbCommand (39ms) [Parameters=[@__Substring_0='?' (Size = 4000)], CommandType='Text', CommandTimeout='30']
SELECT [t].[Id], [t].[Codigo], [t].[CodigoProducto], [t].[Descripcion], [t].[Estado], [t].[FechaCreacion], [t].[FechaModificacion], [t].[IdUsuarioCreacion], [t].[IdUsuarioModifica], [t].[NombreProducto], [t].[SubGrupo], [t].[Unidad]
FROM [Tbl_AccesorioProducto] AS [t]
WHERE (@__Substring_0 = N'') OR (([t].[CodigoProducto] IS NOT NULL) AND (LEFT([t].[CodigoProducto], LEN(@__Substring_0)) = @__Substring_0))
