2023-06-02 09:20:17,635 [1] INFO Microsoft.Hosting.Lifetime - Now listening on: https://localhost:7014
2023-06-02 09:20:17,667 [1] INFO Microsoft.Hosting.Lifetime - Now listening on: http://localhost:5014
2023-06-02 09:20:17,681 [1] INFO Microsoft.Hosting.Lifetime - Application started. Press Ctrl+C to shut down.
2023-06-02 09:20:17,685 [1] INFO Microsoft.Hosting.Lifetime - Hosting environment: Development
2023-06-02 09:20:17,687 [1] INFO Microsoft.Hosting.Lifetime - Content root path: C:\Users\NelsonR\Documents\GRUPO PANA WORKFLOW\VERSION - 11-05-2023\ApiPortal_DataLake\JLR.GP.Orders\
2023-06-02 11:44:59,265 [1] INFO Microsoft.Hosting.Lifetime - Now listening on: https://localhost:7014
2023-06-02 11:44:59,304 [1] INFO Microsoft.Hosting.Lifetime - Now listening on: http://localhost:5014
2023-06-02 11:44:59,323 [1] INFO Microsoft.Hosting.Lifetime - Application started. Press Ctrl+C to shut down.
2023-06-02 11:44:59,328 [1] INFO Microsoft.Hosting.Lifetime - Hosting environment: Development
2023-06-02 11:44:59,334 [1] INFO Microsoft.Hosting.Lifetime - Content root path: C:\Users\NelsonR\Documents\GRUPO PANA WORKFLOW\VERSION - 11-05-2023\ApiPortal_DataLake\JLR.GP.Orders\
2023-06-02 11:45:42,024 [.NET ThreadPool Worker] INFO ApiPortal_DataLake.Application.Controllers.AuthController - Controller GetToken started
2023-06-02 11:45:42,053 [.NET ThreadPool Worker] INFO ApiPortal_DataLake.Domain.Services.AuthService - GetToken started: eyJ0eXAiOiJKV1QiLCJhbGciOiJSUzI1NiIsImtpZCI6Ii1LSTNROW5OUjdiUm9meG1lWm9YcWJIWkdldyJ9.eyJhdWQiOiJiOTE5OTYxMy00ZTE3LTQ4MGQtYWEyYy1hMmFhNmRhMjc2N2IiLCJpc3MiOiJodHRwczovL2xvZ2luLm1pY3Jvc29mdG9ubGluZS5jb20vMjMxZmM4NDUtZmZiYi00MGU3LWEyZGYtMjdmNGRiOGZjY2EwL3YyLjAiLCJpYXQiOjE2ODU2NDY5NzksIm5iZiI6MTY4NTY0Njk3OSwiZXhwIjoxNjg1NjUwODc5LCJuYW1lIjoiTmVsc29uICBSb2RyaWd1ZXogSHVhbGxwYSIsIm5vbmNlIjoiODBiM2I3YzUtZGIxMC00OWE4LWI2YWMtM2I2NTZiODhkMmJhIiwib2lkIjoiYjc0Zjk5OWYtMjIzNS00ZjQ3LThiMGQtYzc1YjhmYjY5NmEyIiwicHJlZmVycmVkX3VzZXJuYW1lIjoiZGVzYXJyb2xsYWRvcjRAamxyYW5hbHl0aWNzLmNvbSIsInJoIjoiMC5BU1lBUmNnZkk3dl81MENpM3lmMDI0X01vQk9XR2JrWFRnMUlxaXlpcW0yaWRuc21BTFUuIiwic3ViIjoiU3g0cGh0bTR2OWpQX3VOcW9FQnljZ0JCdG12d3ozOGtxTllnOEsyY2JYWSIsInRpZCI6IjIzMWZjODQ1LWZmYmItNDBlNy1hMmRmLTI3ZjRkYjhmY2NhMCIsInV0aSI6IkZyeGxuS0VXbzA2X0NtMmwyaUdpQUEiLCJ2ZXIiOiIyLjAifQ.N-1RLREAllqZ7lZQXSu16g3XAcgdWIx_hB4bZTA7A31WDfwNCoMMEQFD0GiJ-j_gjPGrtXVdpLwBrQZ22pHDxXzee5OjnSXwlRLR4hEQEfcU5l963WMSQSnFIQO_-80nHymZy01ABBLErCYcxowIyye9SmJkCLjKDRUpBhFpW4G1NOU5KX9A3fiwXNZSh9NoRObOWJGMPslVZml1Ba8HD1yxBnAf_-zk5BLkwXvjSpi11zgyghkduseYVjOTPsafaGcgPhVUVM9Lzkgci61-314ws2bpdqGa6VO21tL3gLd2zZ4ddCvACvk8zqWSJ-hTjOs-0IKoM8gk_T0bL1c1nA
2023-06-02 11:45:42,528 [.NET ThreadPool Worker] WARN ApiPortal_DataLake.Domain.Services.AuthService - GetToken preferred_username: desarrollador4@jlranalytics.com
2023-06-02 11:45:44,299 [.NET ThreadPool Worker] INFO ApiPortal_DataLake.Application.Controllers.AuthController - Controller GetToken started
2023-06-02 11:45:44,316 [.NET ThreadPool Worker] INFO ApiPortal_DataLake.Domain.Services.AuthService - GetToken started: eyJ0eXAiOiJKV1QiLCJhbGciOiJSUzI1NiIsImtpZCI6Ii1LSTNROW5OUjdiUm9meG1lWm9YcWJIWkdldyJ9.eyJhdWQiOiJiOTE5OTYxMy00ZTE3LTQ4MGQtYWEyYy1hMmFhNmRhMjc2N2IiLCJpc3MiOiJodHRwczovL2xvZ2luLm1pY3Jvc29mdG9ubGluZS5jb20vMjMxZmM4NDUtZmZiYi00MGU3LWEyZGYtMjdmNGRiOGZjY2EwL3YyLjAiLCJpYXQiOjE2ODU3MjQwNDQsIm5iZiI6MTY4NTcyNDA0NCwiZXhwIjoxNjg1NzI3OTQ0LCJuYW1lIjoiTmVsc29uICBSb2RyaWd1ZXogSHVhbGxwYSIsIm5vbmNlIjoiNTc4NWYyNmMtNzliNy00N2JjLWI2ODItNDA0NmI4YjJhYjIzIiwib2lkIjoiYjc0Zjk5OWYtMjIzNS00ZjQ3LThiMGQtYzc1YjhmYjY5NmEyIiwicHJlZmVycmVkX3VzZXJuYW1lIjoiZGVzYXJyb2xsYWRvcjRAamxyYW5hbHl0aWNzLmNvbSIsInJoIjoiMC5BU1lBUmNnZkk3dl81MENpM3lmMDI0X01vQk9XR2JrWFRnMUlxaXlpcW0yaWRuc21BTFUuIiwic3ViIjoiU3g0cGh0bTR2OWpQX3VOcW9FQnljZ0JCdG12d3ozOGtxTllnOEsyY2JYWSIsInRpZCI6IjIzMWZjODQ1LWZmYmItNDBlNy1hMmRmLTI3ZjRkYjhmY2NhMCIsInV0aSI6ImZ0aWx4T2JWcFVPOU50NVBRVVU5QVEiLCJ2ZXIiOiIyLjAifQ.Xk61oknj55m7d-GIhG-pb6vb_8QWtIdyR6DzBG0Mm85Px9zfUU_ZxxT1YLrN3SssEsJvKePPL9n-RBWhaMrZi9UiuaqabPRK-HQoKik-eQdFvIRH2fH8hAgbJII6fm4qyypaNMel1_1ESRRSzYd51D8whigCjn76k-svz7bAQDkJxEeIqRu87te9X_3liThytNxkQwFlTKsIfwuaRabAFJbwXposaduExefKFJWvPYqqjvjDfymPyE8VQdO_bvrRD_5RnoBfOfTlX8WJablChtL5itSOd3OY83Hl7K8yABQq2Kt86HQhPCWDV4pAZMMOf5mJYzihH8GMVia0T_wiYw
2023-06-02 11:45:44,326 [.NET ThreadPool Worker] WARN ApiPortal_DataLake.Domain.Services.AuthService - GetToken preferred_username: desarrollador4@jlranalytics.com
2023-06-02 11:45:44,797 [.NET ThreadPool Worker] INFO Microsoft.EntityFrameworkCore.Infrastructure - Entity Framework Core 6.0.3 initialized 'JlrGpOrdersContext' using provider 'Microsoft.EntityFrameworkCore.SqlServer:6.0.3' with options: None
2023-06-02 11:45:44,797 [.NET ThreadPool Worker] INFO Microsoft.EntityFrameworkCore.Infrastructure - Entity Framework Core 6.0.3 initialized 'JlrGpOrdersContext' using provider 'Microsoft.EntityFrameworkCore.SqlServer:6.0.3' with options: None
2023-06-02 11:45:48,969 [.NET ThreadPool Worker] INFO Microsoft.EntityFrameworkCore.Database.Command - Executed DbCommand (334ms) [Parameters=[@__correo_0='?' (Size = 4000)], CommandType='Text', CommandTimeout='30']
SELECT [t].[Id], [t].[Correo], [t].[Estado], [t].[FechaCreacion], [t].[FechaModificacion], [t].[IdUnidadNegocio], [t].[Nombre], [t].[UsuarioCreacion], [t].[UsuarioModificacion], [t0].[Id], [t0].[FechaCreacion], [t0].[FechaModificacion], [t0].[RolId], [t0].[UsuarioCreacion], [t0].[UsuarioId], [t0].[UsuarioModificacion], [t0].[Id0], [t0].[Nombre]
FROM (
    SELECT TOP(1) [u].[Id], [u].[Correo], [u].[Estado], [u].[FechaCreacion], [u].[FechaModificacion], [u].[IdUnidadNegocio], [u].[Nombre], [u].[UsuarioCreacion], [u].[UsuarioModificacion]
    FROM [Usuario] AS [u]
    WHERE [u].[Correo] = @__correo_0
) AS [t]
LEFT JOIN (
    SELECT [r].[Id], [r].[FechaCreacion], [r].[FechaModificacion], [r].[RolId], [r].[UsuarioCreacion], [r].[UsuarioId], [r].[UsuarioModificacion], [r0].[Id] AS [Id0], [r0].[Nombre]
    FROM [RolUsuario] AS [r]
    INNER JOIN [Rol] AS [r0] ON [r].[RolId] = [r0].[Id]
) AS [t0] ON [t].[Id] = [t0].[UsuarioId]
ORDER BY [t].[Id], [t0].[Id]
2023-06-02 11:45:49,418 [.NET ThreadPool Worker] INFO Microsoft.EntityFrameworkCore.Database.Command - Executed DbCommand (184ms) [Parameters=[@__correo_0='?' (Size = 4000)], CommandType='Text', CommandTimeout='30']
SELECT [t].[Id], [t].[Correo], [t].[Estado], [t].[FechaCreacion], [t].[FechaModificacion], [t].[IdUnidadNegocio], [t].[Nombre], [t].[UsuarioCreacion], [t].[UsuarioModificacion], [t0].[Id], [t0].[FechaCreacion], [t0].[FechaModificacion], [t0].[RolId], [t0].[UsuarioCreacion], [t0].[UsuarioId], [t0].[UsuarioModificacion], [t0].[Id0], [t0].[Nombre]
FROM (
    SELECT TOP(1) [u].[Id], [u].[Correo], [u].[Estado], [u].[FechaCreacion], [u].[FechaModificacion], [u].[IdUnidadNegocio], [u].[Nombre], [u].[UsuarioCreacion], [u].[UsuarioModificacion]
    FROM [Usuario] AS [u]
    WHERE [u].[Correo] = @__correo_0
) AS [t]
LEFT JOIN (
    SELECT [r].[Id], [r].[FechaCreacion], [r].[FechaModificacion], [r].[RolId], [r].[UsuarioCreacion], [r].[UsuarioId], [r].[UsuarioModificacion], [r0].[Id] AS [Id0], [r0].[Nombre]
    FROM [RolUsuario] AS [r]
    INNER JOIN [Rol] AS [r0] ON [r].[RolId] = [r0].[Id]
) AS [t0] ON [t].[Id] = [t0].[UsuarioId]
ORDER BY [t].[Id], [t0].[Id]
2023-06-02 11:45:49,522 [.NET ThreadPool Worker] INFO ApiPortal_DataLake.Domain.Services.AuthService - GetToken token: eyJhbGciOiJIUzI1NiIsInR5cCI6IkpXVCJ9.eyJlbWFpbCI6ImRlc2Fycm9sbGFkb3I0QGpscmFuYWx5dGljcy5jb20iLCJ1c2VyTmFtZSI6ImRlc2Fycm9sbGFkb3I0QGpscmFuYWx5dGljcy5jb20iLCJodHRwOi8vQXBpUG9ydGFsX0RhdGFMYWtlLmNvbS9jbGFpbXMvcm9sIjoiMSIsImh0dHA6Ly9BcGlQb3J0YWxfRGF0YUxha2UuY29tL2NsYWltcy9yb2xuYW1lIjoiQWRtaW4iLCJuYmYiOjE2ODU3MjQzNDksImV4cCI6MTY4NTcyNzk0OSwiaWF0IjoxNjg1NzI0MzQ5LCJpc3MiOiJodHRwOi8vQXBpUG9ydGFsX0RhdGFMYWtlLmlzc3Vlci5jb20iLCJhdWQiOiJodHRwOi8vQXBpUG9ydGFsX0RhdGFMYWtlLmNvbSJ9.hiRk_RKuumQxkE7yTV3KMtEm0tln1M--45NCtiFBgdY
2023-06-02 11:45:49,534 [.NET ThreadPool Worker] INFO ApiPortal_DataLake.Domain.Services.AuthService - GetToken token: eyJhbGciOiJIUzI1NiIsInR5cCI6IkpXVCJ9.eyJlbWFpbCI6ImRlc2Fycm9sbGFkb3I0QGpscmFuYWx5dGljcy5jb20iLCJ1c2VyTmFtZSI6ImRlc2Fycm9sbGFkb3I0QGpscmFuYWx5dGljcy5jb20iLCJodHRwOi8vQXBpUG9ydGFsX0RhdGFMYWtlLmNvbS9jbGFpbXMvcm9sIjoiMSIsImh0dHA6Ly9BcGlQb3J0YWxfRGF0YUxha2UuY29tL2NsYWltcy9yb2xuYW1lIjoiQWRtaW4iLCJuYmYiOjE2ODU3MjQzNDksImV4cCI6MTY4NTcyNzk0OSwiaWF0IjoxNjg1NzI0MzQ5LCJpc3MiOiJodHRwOi8vQXBpUG9ydGFsX0RhdGFMYWtlLmlzc3Vlci5jb20iLCJhdWQiOiJodHRwOi8vQXBpUG9ydGFsX0RhdGFMYWtlLmNvbSJ9.hiRk_RKuumQxkE7yTV3KMtEm0tln1M--45NCtiFBgdY
2023-06-02 11:45:49,592 [.NET ThreadPool Worker] INFO ApiPortal_DataLake.Domain.Services.AuthService - GetToken refreshToken: Y1v+4SabqEGEg56Adtme40JQAv/0cQ0he9RHpsJBYRU=
2023-06-02 11:45:49,595 [.NET ThreadPool Worker] INFO ApiPortal_DataLake.Domain.Services.AuthService - GetToken refreshToken: 4XSlZl8iGsmpJpJcMed6cHuQ9oXwrTUb0J3XRWnNZDI=
2023-06-02 11:45:49,854 [.NET ThreadPool Worker] INFO Microsoft.EntityFrameworkCore.Database.Command - Executed DbCommand (169ms) [Parameters=[@__correo_0='?' (Size = 4000)], CommandType='Text', CommandTimeout='30']
SELECT CASE
    WHEN EXISTS (
        SELECT 1
        FROM [TokenSecurity] AS [t]
        WHERE [t].[UsuarioCreacion] = @__correo_0) THEN CAST(1 AS bit)
    ELSE CAST(0 AS bit)
END
2023-06-02 11:45:49,857 [.NET ThreadPool Worker] INFO Microsoft.EntityFrameworkCore.Database.Command - Executed DbCommand (201ms) [Parameters=[@__correo_0='?' (Size = 4000)], CommandType='Text', CommandTimeout='30']
SELECT CASE
    WHEN EXISTS (
        SELECT 1
        FROM [TokenSecurity] AS [t]
        WHERE [t].[UsuarioCreacion] = @__correo_0) THEN CAST(1 AS bit)
    ELSE CAST(0 AS bit)
END
2023-06-02 11:45:50,052 [.NET ThreadPool Worker] INFO Microsoft.EntityFrameworkCore.Database.Command - Executed DbCommand (158ms) [Parameters=[@__correo_0='?' (Size = 4000)], CommandType='Text', CommandTimeout='30']
SELECT [t].[Id], [t].[FechaCreacion], [t].[RefreshToken], [t].[RefreshTokenExpiryTime], [t].[UsuarioCreacion]
FROM [TokenSecurity] AS [t]
WHERE [t].[UsuarioCreacion] = @__correo_0
2023-06-02 11:45:50,055 [.NET ThreadPool Worker] INFO Microsoft.EntityFrameworkCore.Database.Command - Executed DbCommand (170ms) [Parameters=[@__correo_0='?' (Size = 4000)], CommandType='Text', CommandTimeout='30']
SELECT [t].[Id], [t].[FechaCreacion], [t].[RefreshToken], [t].[RefreshTokenExpiryTime], [t].[UsuarioCreacion]
FROM [TokenSecurity] AS [t]
WHERE [t].[UsuarioCreacion] = @__correo_0
2023-06-02 11:45:50,353 [.NET ThreadPool Worker] INFO Microsoft.EntityFrameworkCore.Database.Command - Executed DbCommand (161ms) [Parameters=[@__p_0='?' (DbType = Int32)], CommandType='Text', CommandTimeout='30']
SELECT TOP(1) [t].[Id], [t].[Descripcion], [t].[Estado], [t].[FechaCreacion], [t].[FechaModificacion], [t].[UsuarioCreacion]
FROM [TblUnidadNegocio] AS [t]
WHERE [t].[Id] = @__p_0
2023-06-02 11:45:50,355 [.NET ThreadPool Worker] INFO Microsoft.EntityFrameworkCore.Database.Command - Executed DbCommand (221ms) [Parameters=[@__p_0='?' (DbType = Int32)], CommandType='Text', CommandTimeout='30']
SELECT TOP(1) [t].[Id], [t].[Descripcion], [t].[Estado], [t].[FechaCreacion], [t].[FechaModificacion], [t].[UsuarioCreacion]
FROM [TblUnidadNegocio] AS [t]
WHERE [t].[Id] = @__p_0
2023-06-02 11:45:51,013 [.NET ThreadPool Worker] INFO Microsoft.EntityFrameworkCore.Database.Command - Executed DbCommand (161ms) [Parameters=[@p0='?' (DbType = Int32)], CommandType='Text', CommandTimeout='30']
SET NOCOUNT ON;
DELETE FROM [TokenSecurity]
WHERE [Id] = @p0;
SELECT @@ROWCOUNT;
2023-06-02 11:45:51,221 [.NET ThreadPool Worker] INFO Microsoft.EntityFrameworkCore.Database.Command - Executed DbCommand (163ms) [Parameters=[@p1='?' (DbType = DateTime2), @p2='?' (Size = 4000), @p3='?' (DbType = DateTime2), @p4='?' (Size = 4000)], CommandType='Text', CommandTimeout='30']
SET NOCOUNT ON;
INSERT INTO [TokenSecurity] ([FechaCreacion], [RefreshToken], [RefreshTokenExpiryTime], [UsuarioCreacion])
VALUES (@p1, @p2, @p3, @p4);
SELECT [Id]
FROM [TokenSecurity]
WHERE @@ROWCOUNT = 1 AND [Id] = scope_identity();
2023-06-02 11:45:51,436 [.NET ThreadPool Worker] INFO Microsoft.EntityFrameworkCore.Database.Command - Executed DbCommand (584ms) [Parameters=[@p0='?' (DbType = Int32)], CommandType='Text', CommandTimeout='30']
SET NOCOUNT ON;
DELETE FROM [TokenSecurity]
WHERE [Id] = @p0;
SELECT @@ROWCOUNT;
2023-06-02 11:45:52,163 [.NET ThreadPool Worker] ERROR ApiPortal_DataLake.Domain.Services.AuthService - GetToken Error try catch: {"ClassName":"Microsoft.EntityFrameworkCore.DbUpdateConcurrencyException","Message":"The database operation was expected to affect 1 row(s), but actually affected 0 row(s); data may have been modified or deleted since entities were loaded. See http://go.microsoft.com/fwlink/?LinkId=527962 for information on understanding and handling optimistic concurrency exceptions.","Data":null,"InnerException":null,"HelpURL":null,"StackTraceString":"   at Microsoft.EntityFrameworkCore.Update.AffectedCountModificationCommandBatch.ThrowAggregateUpdateConcurrencyException(Int32 commandIndex, Int32 expectedRowsAffected, Int32 rowsAffected)\r\n   at Microsoft.EntityFrameworkCore.Update.AffectedCountModificationCommandBatch.ConsumeResultSetWithoutPropagationAsync(Int32 commandIndex, RelationalDataReader reader, CancellationToken cancellationToken)\r\n   at Microsoft.EntityFrameworkCore.Update.AffectedCountModificationCommandBatch.ConsumeAsync(RelationalDataReader reader, CancellationToken cancellationToken)\r\n   at Microsoft.EntityFrameworkCore.Update.ReaderModificationCommandBatch.ExecuteAsync(IRelationalConnection connection, CancellationToken cancellationToken)\r\n   at Microsoft.EntityFrameworkCore.Update.ReaderModificationCommandBatch.ExecuteAsync(IRelationalConnection connection, CancellationToken cancellationToken)\r\n   at Microsoft.EntityFrameworkCore.Update.Internal.BatchExecutor.ExecuteAsync(IEnumerable`1 commandBatches, IRelationalConnection connection, CancellationToken cancellationToken)\r\n   at Microsoft.EntityFrameworkCore.Update.Internal.BatchExecutor.ExecuteAsync(IEnumerable`1 commandBatches, IRelationalConnection connection, CancellationToken cancellationToken)\r\n   at Microsoft.EntityFrameworkCore.Update.Internal.BatchExecutor.ExecuteAsync(IEnumerable`1 commandBatches, IRelationalConnection connection, CancellationToken cancellationToken)\r\n   at Microsoft.EntityFrameworkCore.ChangeTracking.Internal.StateManager.SaveChangesAsync(IList`1 entriesToSave, CancellationToken cancellationToken)\r\n   at Microsoft.EntityFrameworkCore.ChangeTracking.Internal.StateManager.SaveChangesAsync(StateManager stateManager, Boolean acceptAllChangesOnSuccess, CancellationToken cancellationToken)\r\n   at Microsoft.EntityFrameworkCore.SqlServer.Storage.Internal.SqlServerExecutionStrategy.ExecuteAsync[TState,TResult](TState state, Func`4 operation, Func`4 verifySucceeded, CancellationToken cancellationToken)\r\n   at Microsoft.EntityFrameworkCore.DbContext.SaveChangesAsync(Boolean acceptAllChangesOnSuccess, CancellationToken cancellationToken)\r\n   at Microsoft.EntityFrameworkCore.DbContext.SaveChangesAsync(Boolean acceptAllChangesOnSuccess, CancellationToken cancellationToken)\r\n   at ApiPortal_DataLake.Domain.Services.AuthService.GetToken(String tokenAD) in C:\\Users\\NelsonR\\Documents\\GRUPO PANA WORKFLOW\\VERSION - 11-05-2023\\ApiPortal_DataLake\\JLR.GP.Orders\\Domain\\Services\\AuthService.cs:line 111","RemoteStackTraceString":null,"RemoteStackIndex":0,"ExceptionMethod":null,"HResult":-2146233088,"Source":"Microsoft.EntityFrameworkCore.Relational","WatsonBuckets":null}
2023-06-02 11:46:01,792 [.NET ThreadPool Worker] INFO Microsoft.EntityFrameworkCore.Infrastructure - Entity Framework Core 6.0.3 initialized 'JlrGpOrdersContext' using provider 'Microsoft.EntityFrameworkCore.SqlServer:6.0.3' with options: None
2023-06-02 11:46:01,794 [.NET ThreadPool Worker] INFO Microsoft.EntityFrameworkCore.Infrastructure - Entity Framework Core 6.0.3 initialized 'JlrGpOrdersContext' using provider 'Microsoft.EntityFrameworkCore.SqlServer:6.0.3' with options: None
2023-06-02 11:46:01,983 [.NET ThreadPool Worker] INFO Microsoft.EntityFrameworkCore.Database.Command - Executed DbCommand (167ms) [Parameters=[@__fechaFiltro_0='?' (DbType = DateTime2), @__fechaFiltroFin_1='?' (DbType = DateTime2)], CommandType='Text', CommandTimeout='30']
SELECT [t].[Id], [t].[ArchivoFactura], [t].[ArchivoNotaCredito], [t].[ArchivoTesoreria], [t].[Area], [t].[Asesor], [t].[Banco], [t].[CentroCosto], [t].[ClienteRazonSocial], [t].[ClienteRealiza], [t].[Comentario], [t].[ComentarioAprobacion], [t].[DescripcionArticuloSap], [t].[DniClienteRuc], [t].[DniclienteRealiza], [t].[EntidadBancaria], [t].[EstadoSolicitud], [t].[FechSolicitud], [t].[FechaAplicacion], [t].[FechaCreacion], [t].[FechaModificacion], [t].[FormaPago], [t].[IdTipoSolicitud], [t].[IdUnidadNegocio], [t].[Importe], [t].[Local], [t].[Moneda], [t].[Motivo], [t].[NroFacturaSunat], [t].[NroSap], [t].[NroSapTesoreria], [t].[NumNotaCredito], [t].[NumOperacion], [t].[NumeroArticuloSap], [t].[NumeroCuentaBancaria], [t].[NumeroCuentaInterbancaria], [t].[PjudicialPnatural], [t].[Proveedor], [t].[Proyecto], [t].[Solicitante], [t].[SubEstadoSolicitud], [t].[Tienda], [t].[Tipo], [t].[TipoCarta], [t].[TipoDocumento], [t].[TipoPago], [t].[UnidadNegocio], [t].[UsuarioCreacion], [t].[UsuarioModificacion], [t].[ValidacionContabilidad], [t].[Vinculo]
FROM [TblSolicitud] AS [t]
WHERE ([t].[FechaCreacion] >= @__fechaFiltro_0) AND ([t].[FechaCreacion] <= @__fechaFiltroFin_1)
2023-06-02 11:46:01,999 [.NET ThreadPool Worker] INFO Microsoft.EntityFrameworkCore.Database.Command - Executed DbCommand (171ms) [Parameters=[], CommandType='Text', CommandTimeout='30']
SELECT [u].[Id], [u].[Correo], [u].[Estado], [u].[FechaCreacion], [u].[FechaModificacion], [u].[IdUnidadNegocio], [u].[Nombre], [u].[UsuarioCreacion], [u].[UsuarioModificacion], [t].[Id], [t].[FechaCreacion], [t].[FechaModificacion], [t].[RolId], [t].[UsuarioCreacion], [t].[UsuarioId], [t].[UsuarioModificacion], [t].[Id0], [t].[Nombre]
FROM [Usuario] AS [u]
LEFT JOIN (
    SELECT [r].[Id], [r].[FechaCreacion], [r].[FechaModificacion], [r].[RolId], [r].[UsuarioCreacion], [r].[UsuarioId], [r].[UsuarioModificacion], [r0].[Id] AS [Id0], [r0].[Nombre]
    FROM [RolUsuario] AS [r]
    INNER JOIN [Rol] AS [r0] ON [r].[RolId] = [r0].[Id]
) AS [t] ON [u].[Id] = [t].[UsuarioId]
ORDER BY [u].[Id], [t].[Id]
2023-06-02 11:46:02,161 [.NET ThreadPool Worker] INFO Microsoft.EntityFrameworkCore.Database.Command - Executed DbCommand (160ms) [Parameters=[], CommandType='Text', CommandTimeout='30']
SELECT [t].[Id], [t].[Descripcion], [t].[Estado], [t].[FechaCreacion], [t].[FechaModificacion], [t].[UsuarioCreacion]
FROM [TblTipoSolicitud] AS [t]
2023-06-02 11:46:02,350 [.NET ThreadPool Worker] INFO Microsoft.EntityFrameworkCore.Database.Command - Executed DbCommand (162ms) [Parameters=[], CommandType='Text', CommandTimeout='30']
SELECT [a].[idadjunto], [a].[Nombre], [a].[fecharegistro], [a].[idsolicitud], [a].[idtipoadjunto], [a].[nombrearchivo], [a].[nombrestorage], [a].[nrodococumento], [a].[observacion]
FROM [adjunto] AS [a]
2023-06-02 11:46:02,544 [.NET ThreadPool Worker] INFO Microsoft.EntityFrameworkCore.Database.Command - Executed DbCommand (155ms) [Parameters=[], CommandType='Text', CommandTimeout='30']
SELECT [u].[Id], [u].[Correo], [u].[Estado], [u].[FechaCreacion], [u].[FechaModificacion], [u].[IdUnidadNegocio], [u].[Nombre], [u].[UsuarioCreacion], [u].[UsuarioModificacion]
FROM [Usuario] AS [u]
2023-06-02 11:46:04,444 [.NET ThreadPool Worker] INFO Microsoft.EntityFrameworkCore.Infrastructure - Entity Framework Core 6.0.3 initialized 'JlrGpOrdersContext' using provider 'Microsoft.EntityFrameworkCore.SqlServer:6.0.3' with options: None
2023-06-02 11:46:04,613 [.NET ThreadPool Worker] INFO Microsoft.EntityFrameworkCore.Database.Command - Executed DbCommand (166ms) [Parameters=[@__fechaFiltro_0='?' (DbType = DateTime2), @__fechaFiltroFin_1='?' (DbType = DateTime2)], CommandType='Text', CommandTimeout='30']
SELECT [t].[Id], [t].[ArchivoFactura], [t].[ArchivoNotaCredito], [t].[ArchivoTesoreria], [t].[Area], [t].[Asesor], [t].[Banco], [t].[CentroCosto], [t].[ClienteRazonSocial], [t].[ClienteRealiza], [t].[Comentario], [t].[ComentarioAprobacion], [t].[DescripcionArticuloSap], [t].[DniClienteRuc], [t].[DniclienteRealiza], [t].[EntidadBancaria], [t].[EstadoSolicitud], [t].[FechSolicitud], [t].[FechaAplicacion], [t].[FechaCreacion], [t].[FechaModificacion], [t].[FormaPago], [t].[IdTipoSolicitud], [t].[IdUnidadNegocio], [t].[Importe], [t].[Local], [t].[Moneda], [t].[Motivo], [t].[NroFacturaSunat], [t].[NroSap], [t].[NroSapTesoreria], [t].[NumNotaCredito], [t].[NumOperacion], [t].[NumeroArticuloSap], [t].[NumeroCuentaBancaria], [t].[NumeroCuentaInterbancaria], [t].[PjudicialPnatural], [t].[Proveedor], [t].[Proyecto], [t].[Solicitante], [t].[SubEstadoSolicitud], [t].[Tienda], [t].[Tipo], [t].[TipoCarta], [t].[TipoDocumento], [t].[TipoPago], [t].[UnidadNegocio], [t].[UsuarioCreacion], [t].[UsuarioModificacion], [t].[ValidacionContabilidad], [t].[Vinculo]
FROM [TblSolicitud] AS [t]
WHERE ([t].[FechaCreacion] >= @__fechaFiltro_0) AND ([t].[FechaCreacion] <= @__fechaFiltroFin_1)
2023-06-02 11:46:04,778 [.NET ThreadPool Worker] INFO Microsoft.EntityFrameworkCore.Database.Command - Executed DbCommand (159ms) [Parameters=[], CommandType='Text', CommandTimeout='30']
SELECT [t].[Id], [t].[Descripcion], [t].[Estado], [t].[FechaCreacion], [t].[FechaModificacion], [t].[UsuarioCreacion]
FROM [TblTipoSolicitud] AS [t]
2023-06-02 11:46:04,941 [.NET ThreadPool Worker] INFO Microsoft.EntityFrameworkCore.Database.Command - Executed DbCommand (159ms) [Parameters=[], CommandType='Text', CommandTimeout='30']
SELECT [a].[idadjunto], [a].[Nombre], [a].[fecharegistro], [a].[idsolicitud], [a].[idtipoadjunto], [a].[nombrearchivo], [a].[nombrestorage], [a].[nrodococumento], [a].[observacion]
FROM [adjunto] AS [a]
2023-06-02 11:46:05,100 [.NET ThreadPool Worker] INFO Microsoft.EntityFrameworkCore.Database.Command - Executed DbCommand (156ms) [Parameters=[], CommandType='Text', CommandTimeout='30']
SELECT [u].[Id], [u].[Correo], [u].[Estado], [u].[FechaCreacion], [u].[FechaModificacion], [u].[IdUnidadNegocio], [u].[Nombre], [u].[UsuarioCreacion], [u].[UsuarioModificacion]
FROM [Usuario] AS [u]
2023-06-02 11:46:08,214 [.NET ThreadPool Worker] INFO Microsoft.EntityFrameworkCore.Infrastructure - Entity Framework Core 6.0.3 initialized 'JlrGpOrdersContext' using provider 'Microsoft.EntityFrameworkCore.SqlServer:6.0.3' with options: None
2023-06-02 11:46:08,381 [.NET ThreadPool Worker] INFO Microsoft.EntityFrameworkCore.Database.Command - Executed DbCommand (164ms) [Parameters=[@__fechaFiltro_0='?' (DbType = DateTime2), @__fechaFiltroFin_1='?' (DbType = DateTime2)], CommandType='Text', CommandTimeout='30']
SELECT [t].[Id], [t].[ArchivoFactura], [t].[ArchivoNotaCredito], [t].[ArchivoTesoreria], [t].[Area], [t].[Asesor], [t].[Banco], [t].[CentroCosto], [t].[ClienteRazonSocial], [t].[ClienteRealiza], [t].[Comentario], [t].[ComentarioAprobacion], [t].[DescripcionArticuloSap], [t].[DniClienteRuc], [t].[DniclienteRealiza], [t].[EntidadBancaria], [t].[EstadoSolicitud], [t].[FechSolicitud], [t].[FechaAplicacion], [t].[FechaCreacion], [t].[FechaModificacion], [t].[FormaPago], [t].[IdTipoSolicitud], [t].[IdUnidadNegocio], [t].[Importe], [t].[Local], [t].[Moneda], [t].[Motivo], [t].[NroFacturaSunat], [t].[NroSap], [t].[NroSapTesoreria], [t].[NumNotaCredito], [t].[NumOperacion], [t].[NumeroArticuloSap], [t].[NumeroCuentaBancaria], [t].[NumeroCuentaInterbancaria], [t].[PjudicialPnatural], [t].[Proveedor], [t].[Proyecto], [t].[Solicitante], [t].[SubEstadoSolicitud], [t].[Tienda], [t].[Tipo], [t].[TipoCarta], [t].[TipoDocumento], [t].[TipoPago], [t].[UnidadNegocio], [t].[UsuarioCreacion], [t].[UsuarioModificacion], [t].[ValidacionContabilidad], [t].[Vinculo]
FROM [TblSolicitud] AS [t]
WHERE ([t].[FechaCreacion] >= @__fechaFiltro_0) AND ([t].[FechaCreacion] <= @__fechaFiltroFin_1)
2023-06-02 11:46:08,678 [.NET ThreadPool Worker] INFO Microsoft.EntityFrameworkCore.Database.Command - Executed DbCommand (159ms) [Parameters=[], CommandType='Text', CommandTimeout='30']
SELECT [t].[Id], [t].[Descripcion], [t].[Estado], [t].[FechaCreacion], [t].[FechaModificacion], [t].[UsuarioCreacion]
FROM [TblTipoSolicitud] AS [t]
2023-06-02 11:46:08,840 [.NET ThreadPool Worker] INFO Microsoft.EntityFrameworkCore.Database.Command - Executed DbCommand (159ms) [Parameters=[], CommandType='Text', CommandTimeout='30']
SELECT [a].[idadjunto], [a].[Nombre], [a].[fecharegistro], [a].[idsolicitud], [a].[idtipoadjunto], [a].[nombrearchivo], [a].[nombrestorage], [a].[nrodococumento], [a].[observacion]
FROM [adjunto] AS [a]
2023-06-02 11:46:09,019 [.NET ThreadPool Worker] INFO Microsoft.EntityFrameworkCore.Database.Command - Executed DbCommand (175ms) [Parameters=[], CommandType='Text', CommandTimeout='30']
SELECT [u].[Id], [u].[Correo], [u].[Estado], [u].[FechaCreacion], [u].[FechaModificacion], [u].[IdUnidadNegocio], [u].[Nombre], [u].[UsuarioCreacion], [u].[UsuarioModificacion]
FROM [Usuario] AS [u]
2023-06-02 11:46:13,421 [.NET ThreadPool Worker] INFO Microsoft.EntityFrameworkCore.Infrastructure - Entity Framework Core 6.0.3 initialized 'JlrGpOrdersContext' using provider 'Microsoft.EntityFrameworkCore.SqlServer:6.0.3' with options: None
2023-06-02 11:46:13,600 [.NET ThreadPool Worker] INFO Microsoft.EntityFrameworkCore.Database.Command - Executed DbCommand (175ms) [Parameters=[@__fechaFiltro_0='?' (DbType = DateTime2), @__fechaFiltroFin_1='?' (DbType = DateTime2)], CommandType='Text', CommandTimeout='30']
SELECT [t].[Id], [t].[ArchivoFactura], [t].[ArchivoNotaCredito], [t].[ArchivoTesoreria], [t].[Area], [t].[Asesor], [t].[Banco], [t].[CentroCosto], [t].[ClienteRazonSocial], [t].[ClienteRealiza], [t].[Comentario], [t].[ComentarioAprobacion], [t].[DescripcionArticuloSap], [t].[DniClienteRuc], [t].[DniclienteRealiza], [t].[EntidadBancaria], [t].[EstadoSolicitud], [t].[FechSolicitud], [t].[FechaAplicacion], [t].[FechaCreacion], [t].[FechaModificacion], [t].[FormaPago], [t].[IdTipoSolicitud], [t].[IdUnidadNegocio], [t].[Importe], [t].[Local], [t].[Moneda], [t].[Motivo], [t].[NroFacturaSunat], [t].[NroSap], [t].[NroSapTesoreria], [t].[NumNotaCredito], [t].[NumOperacion], [t].[NumeroArticuloSap], [t].[NumeroCuentaBancaria], [t].[NumeroCuentaInterbancaria], [t].[PjudicialPnatural], [t].[Proveedor], [t].[Proyecto], [t].[Solicitante], [t].[SubEstadoSolicitud], [t].[Tienda], [t].[Tipo], [t].[TipoCarta], [t].[TipoDocumento], [t].[TipoPago], [t].[UnidadNegocio], [t].[UsuarioCreacion], [t].[UsuarioModificacion], [t].[ValidacionContabilidad], [t].[Vinculo]
FROM [TblSolicitud] AS [t]
WHERE ([t].[FechaCreacion] >= @__fechaFiltro_0) AND ([t].[FechaCreacion] <= @__fechaFiltroFin_1)
2023-06-02 11:46:13,763 [.NET ThreadPool Worker] INFO Microsoft.EntityFrameworkCore.Database.Command - Executed DbCommand (157ms) [Parameters=[], CommandType='Text', CommandTimeout='30']
SELECT [t].[Id], [t].[Descripcion], [t].[Estado], [t].[FechaCreacion], [t].[FechaModificacion], [t].[UsuarioCreacion]
FROM [TblTipoSolicitud] AS [t]
2023-06-02 11:46:13,928 [.NET ThreadPool Worker] INFO Microsoft.EntityFrameworkCore.Database.Command - Executed DbCommand (162ms) [Parameters=[], CommandType='Text', CommandTimeout='30']
SELECT [a].[idadjunto], [a].[Nombre], [a].[fecharegistro], [a].[idsolicitud], [a].[idtipoadjunto], [a].[nombrearchivo], [a].[nombrestorage], [a].[nrodococumento], [a].[observacion]
FROM [adjunto] AS [a]
2023-06-02 11:46:14,088 [.NET ThreadPool Worker] INFO Microsoft.EntityFrameworkCore.Database.Command - Executed DbCommand (157ms) [Parameters=[], CommandType='Text', CommandTimeout='30']
SELECT [u].[Id], [u].[Correo], [u].[Estado], [u].[FechaCreacion], [u].[FechaModificacion], [u].[IdUnidadNegocio], [u].[Nombre], [u].[UsuarioCreacion], [u].[UsuarioModificacion]
FROM [Usuario] AS [u]
2023-06-02 11:49:24,029 [.NET ThreadPool Worker] INFO Microsoft.EntityFrameworkCore.Infrastructure - Entity Framework Core 6.0.3 initialized 'JlrGpOrdersContext' using provider 'Microsoft.EntityFrameworkCore.SqlServer:6.0.3' with options: None
2023-06-02 11:49:24,214 [.NET ThreadPool Worker] INFO Microsoft.EntityFrameworkCore.Database.Command - Executed DbCommand (173ms) [Parameters=[@__p_0='?' (DbType = Int32)], CommandType='Text', CommandTimeout='30']
SELECT TOP(1) [t].[Id], [t].[ArchivoFactura], [t].[ArchivoNotaCredito], [t].[ArchivoTesoreria], [t].[Area], [t].[Asesor], [t].[Banco], [t].[CentroCosto], [t].[ClienteRazonSocial], [t].[ClienteRealiza], [t].[Comentario], [t].[ComentarioAprobacion], [t].[DescripcionArticuloSap], [t].[DniClienteRuc], [t].[DniclienteRealiza], [t].[EntidadBancaria], [t].[EstadoSolicitud], [t].[FechSolicitud], [t].[FechaAplicacion], [t].[FechaCreacion], [t].[FechaModificacion], [t].[FormaPago], [t].[IdTipoSolicitud], [t].[IdUnidadNegocio], [t].[Importe], [t].[Local], [t].[Moneda], [t].[Motivo], [t].[NroFacturaSunat], [t].[NroSap], [t].[NroSapTesoreria], [t].[NumNotaCredito], [t].[NumOperacion], [t].[NumeroArticuloSap], [t].[NumeroCuentaBancaria], [t].[NumeroCuentaInterbancaria], [t].[PjudicialPnatural], [t].[Proveedor], [t].[Proyecto], [t].[Solicitante], [t].[SubEstadoSolicitud], [t].[Tienda], [t].[Tipo], [t].[TipoCarta], [t].[TipoDocumento], [t].[TipoPago], [t].[UnidadNegocio], [t].[UsuarioCreacion], [t].[UsuarioModificacion], [t].[ValidacionContabilidad], [t].[Vinculo]
FROM [TblSolicitud] AS [t]
WHERE [t].[Id] = @__p_0
2023-06-02 11:49:41,049 [.NET ThreadPool Worker] INFO Microsoft.EntityFrameworkCore.Database.Command - Executed DbCommand (175ms) [Parameters=[@p50='?' (DbType = Int32), @p0='?' (Size = 4000), @p1='?' (Size = 4000), @p2='?' (Size = 4000), @p3='?' (Size = 4000), @p4='?' (Size = 4000), @p5='?' (Size = 4000), @p6='?' (Size = 4000), @p7='?' (Size = 4000), @p8='?' (Size = 4000), @p9='?' (Size = 4000), @p10='?' (Size = 4000), @p11='?' (Size = 4000), @p12='?' (Size = 4000), @p13='?' (Size = 4000), @p14='?' (Size = 4000), @p15='?' (Size = 4000), @p16='?' (Size = 4000), @p17='?' (DbType = DateTime2), @p18='?' (DbType = DateTime2), @p19='?' (DbType = DateTime2), @p20='?' (Size = 4000), @p21='?' (DbType = Int32), @p22='?' (DbType = Int32), @p23='?' (Size = 4000), @p24='?' (Size = 4000), @p25='?' (Size = 4000), @p26='?' (Size = 4000), @p27='?' (Size = 4000), @p28='?' (Size = 4000), @p29='?' (Size = 4000), @p30='?' (Size = 4000), @p31='?' (Size = 4000), @p32='?' (Size = 4000), @p33='?' (Size = 4000), @p34='?' (Size = 4000), @p35='?' (Size = 4000), @p36='?' (Size = 4000), @p37='?' (Size = 4000), @p38='?' (Size = 4000), @p39='?' (Size = 4000), @p40='?' (Size = 4000), @p41='?' (Size = 4000), @p42='?' (Size = 4000), @p43='?' (Size = 4000), @p44='?' (Size = 4000), @p45='?' (Size = 4000), @p46='?' (DbType = Int32), @p47='?' (DbType = Int32), @p48='?' (Size = 4000), @p49='?' (Size = 4000)], CommandType='Text', CommandTimeout='30']
SET NOCOUNT ON;
UPDATE [TblSolicitud] SET [ArchivoFactura] = @p0, [ArchivoNotaCredito] = @p1, [ArchivoTesoreria] = @p2, [Area] = @p3, [Asesor] = @p4, [Banco] = @p5, [CentroCosto] = @p6, [ClienteRazonSocial] = @p7, [ClienteRealiza] = @p8, [Comentario] = @p9, [ComentarioAprobacion] = @p10, [DescripcionArticuloSap] = @p11, [DniClienteRuc] = @p12, [DniclienteRealiza] = @p13, [EntidadBancaria] = @p14, [EstadoSolicitud] = @p15, [FechSolicitud] = @p16, [FechaAplicacion] = @p17, [FechaCreacion] = @p18, [FechaModificacion] = @p19, [FormaPago] = @p20, [IdTipoSolicitud] = @p21, [IdUnidadNegocio] = @p22, [Importe] = @p23, [Local] = @p24, [Moneda] = @p25, [Motivo] = @p26, [NroFacturaSunat] = @p27, [NroSap] = @p28, [NroSapTesoreria] = @p29, [NumNotaCredito] = @p30, [NumOperacion] = @p31, [NumeroArticuloSap] = @p32, [NumeroCuentaBancaria] = @p33, [NumeroCuentaInterbancaria] = @p34, [PjudicialPnatural] = @p35, [Proveedor] = @p36, [Proyecto] = @p37, [Solicitante] = @p38, [SubEstadoSolicitud] = @p39, [Tienda] = @p40, [Tipo] = @p41, [TipoCarta] = @p42, [TipoDocumento] = @p43, [TipoPago] = @p44, [UnidadNegocio] = @p45, [UsuarioCreacion] = @p46, [UsuarioModificacion] = @p47, [ValidacionContabilidad] = @p48, [Vinculo] = @p49
WHERE [Id] = @p50;
SELECT @@ROWCOUNT;
2023-06-02 11:49:42,828 [.NET ThreadPool Worker] INFO Microsoft.EntityFrameworkCore.Database.Command - Executed DbCommand (166ms) [Parameters=[@p0='?' (Size = 500), @p1='?' (Size = 100), @p2='?' (DbType = DateTime2), @p3='?' (DbType = Int32), @p4='?' (Size = 200), @p5='?' (Size = 100), @p6='?' (DbType = Int32)], CommandType='Text', CommandTimeout='30']
SET NOCOUNT ON;
INSERT INTO [TblHistorialSolicitud] ([Comentario], [EstadoSolicitud], [FechaCreacion], [IdSolicitud], [Motivo], [SubEstado], [UsuarioCreacion])
VALUES (@p0, @p1, @p2, @p3, @p4, @p5, @p6);
SELECT [Id]
FROM [TblHistorialSolicitud]
WHERE @@ROWCOUNT = 1 AND [Id] = scope_identity();
2023-06-02 12:45:34,304 [1] INFO Microsoft.Hosting.Lifetime - Now listening on: https://localhost:7014
2023-06-02 12:45:34,323 [1] INFO Microsoft.Hosting.Lifetime - Now listening on: http://localhost:5014
2023-06-02 12:45:34,333 [1] INFO Microsoft.Hosting.Lifetime - Application started. Press Ctrl+C to shut down.
2023-06-02 12:45:34,334 [1] INFO Microsoft.Hosting.Lifetime - Hosting environment: Development
2023-06-02 12:45:34,336 [1] INFO Microsoft.Hosting.Lifetime - Content root path: C:\Users\NelsonR\Documents\GRUPO PANA WORKFLOW\VERSION - 11-05-2023\ApiPortal_DataLake\JLR.GP.Orders\
